#
# There is insufficient memory for the Java Runtime Environment to continue.
# Native memory allocation (mmap) failed to map 208666624 bytes for G1 virtual space
# Possible reasons:
#   The system is out of physical RAM or swap space
#   The process is running with CompressedOops enabled, and the Java Heap may be blocking the growth of the native heap
# Possible solutions:
#   Reduce memory load on the system
#   Increase physical memory or swap space
#   Check if swap backing store is full
#   Decrease Java heap size (-Xmx/-Xms)
#   Decrease number of Java threads
#   Decrease Java thread stack sizes (-Xss)
#   Set larger code cache with -XX:ReservedCodeCacheSize=
#   JVM is running with Unscaled Compressed Oops mode in which the Java heap is
#     placed in the first 4GB address space. The Java Heap base address is the
#     maximum limit for the native heap growth. Please use -XX:HeapBaseMinAddress
#     to set the Java Heap base and to place the Java Heap above 4GB virtual address.
# This output file may be truncated or incomplete.
#
#  Out of Memory Error (os_windows.cpp:3548), pid=3160, tid=13040
#
# JRE version: Java(TM) SE Runtime Environment (17.0.10+11) (build 17.0.10+11-LTS-240)
# Java VM: Java HotSpot(TM) 64-Bit Server VM (17.0.10+11-LTS-240, mixed mode, emulated-client, sharing, tiered, compressed oops, compressed class ptrs, g1 gc, windows-amd64)
# No core dump will be written. Minidumps are not enabled by default on client versions of Windows
#

---------------  S U M M A R Y ------------

Command Line: -XX:TieredStopAtLevel=1 -Dspring.output.ansi.enabled=always -Dcom.sun.management.jmxremote -Dspring.jmx.enabled=true -Dspring.liveBeansView.mbeanDomain -Dspring.application.admin.enabled=true -Dmanagement.endpoints.jmx.exposure.include=* -javaagent:C:\Program Files\JetBrains\IntelliJ IDEA 2023.3.6\lib\idea_rt.jar=54748:C:\Program Files\JetBrains\IntelliJ IDEA 2023.3.6\bin -Dfile.encoding=UTF-8 com.example.msgestiondocente.MsGestionDocenteApplication

Host: Intel(R) Core(TM) i3-5005U CPU @ 2.00GHz, 4 cores, 7G,  Windows 10 , 64 bit Build 19041 (10.0.19041.3636)
Time: Mon Jun 10 00:28:18 2024 Hora est. Pacífico, Sudamérica elapsed time: 21.448923 seconds (0d 0h 0m 21s)

---------------  T H R E A D  ---------------

Current thread (0x0000021438193eb0):  VMThread "VM Thread" [stack: 0x000000f207800000,0x000000f207900000] [id=13040]

Stack: [0x000000f207800000,0x000000f207900000]
Native frames: (J=compiled Java code, j=interpreted, Vv=VM code, C=native code)
V  [jvm.dll+0x677a5a]
V  [jvm.dll+0x7d8b2d]
V  [jvm.dll+0x7da48e]
V  [jvm.dll+0x7daaf3]
V  [jvm.dll+0x2455ff]
V  [jvm.dll+0x6749b9]
V  [jvm.dll+0x669382]
V  [jvm.dll+0x302e96]
V  [jvm.dll+0x30a416]
V  [jvm.dll+0x359cbe]
V  [jvm.dll+0x359eef]
V  [jvm.dll+0x2d9e88]
V  [jvm.dll+0x2d8295]
V  [jvm.dll+0x2d789c]
V  [jvm.dll+0x31b18b]
V  [jvm.dll+0x7df30b]
V  [jvm.dll+0x7e0044]
V  [jvm.dll+0x7e055d]
V  [jvm.dll+0x7e0934]
V  [jvm.dll+0x7e0a00]
V  [jvm.dll+0x78888a]
V  [jvm.dll+0x676935]
C  [ucrtbase.dll+0x21bb2]
C  [KERNEL32.DLL+0x17344]
C  [ntdll.dll+0x526b1]

VM_Operation (0x000000f2095fd270): G1CollectForAllocation, mode: safepoint, requested by thread 0x000002147f13b540


---------------  P R O C E S S  ---------------

Threads class SMR info:
_java_thread_list=0x000002140098ec30, length=29, elements={
0x0000021426cad3d0, 0x000002143819bd40, 0x000002143819d070, 0x00000214381af250,
0x00000214381afde0, 0x00000214381b06b0, 0x00000214381b0f80, 0x00000214381b1900,
0x00000214381b2210, 0x0000021438184f80, 0x000002143847ffe0, 0x0000021438a73c80,
0x0000021438a79220, 0x0000021438c3b3f0, 0x000002147e6a3c10, 0x000002147ede4200,
0x0000021438e9a020, 0x000002147f2e3a20, 0x000002147f13bf60, 0x000002147f13a100,
0x000002147f138cc0, 0x000002147f13a610, 0x000002147f13ab20, 0x000002147f13b540,
0x000002147f13ba50, 0x0000021400d3b0a0, 0x0000021400d35fa0, 0x0000021400d36ed0,
0x0000021400d3b5b0
}

Java Threads: ( => current thread )
  0x0000021426cad3d0 JavaThread "main" [_thread_blocked, id=6140, stack(0x000000f207200000,0x000000f207300000)]
  0x000002143819bd40 JavaThread "Reference Handler" daemon [_thread_blocked, id=13160, stack(0x000000f207900000,0x000000f207a00000)]
  0x000002143819d070 JavaThread "Finalizer" daemon [_thread_blocked, id=14240, stack(0x000000f207a00000,0x000000f207b00000)]
  0x00000214381af250 JavaThread "Signal Dispatcher" daemon [_thread_blocked, id=6408, stack(0x000000f207b00000,0x000000f207c00000)]
  0x00000214381afde0 JavaThread "Attach Listener" daemon [_thread_blocked, id=10952, stack(0x000000f207c00000,0x000000f207d00000)]
  0x00000214381b06b0 JavaThread "Service Thread" daemon [_thread_blocked, id=224, stack(0x000000f207d00000,0x000000f207e00000)]
  0x00000214381b0f80 JavaThread "Monitor Deflation Thread" daemon [_thread_blocked, id=1812, stack(0x000000f207e00000,0x000000f207f00000)]
  0x00000214381b1900 JavaThread "C1 CompilerThread0" daemon [_thread_blocked, id=4688, stack(0x000000f207f00000,0x000000f208000000)]
  0x00000214381b2210 JavaThread "Sweeper thread" daemon [_thread_blocked, id=11776, stack(0x000000f208000000,0x000000f208100000)]
  0x0000021438184f80 JavaThread "Common-Cleaner" daemon [_thread_blocked, id=11952, stack(0x000000f208100000,0x000000f208200000)]
  0x000002143847ffe0 JavaThread "C1 CompilerThread1" daemon [_thread_blocked, id=10084, stack(0x000000f208200000,0x000000f208300000)]
  0x0000021438a73c80 JavaThread "Monitor Ctrl-Break" daemon [_thread_in_native, id=13692, stack(0x000000f208300000,0x000000f208400000)]
  0x0000021438a79220 JavaThread "Notification Thread" daemon [_thread_blocked, id=13144, stack(0x000000f208400000,0x000000f208500000)]
  0x0000021438c3b3f0 JavaThread "RMI TCP Accept-0" daemon [_thread_in_native, id=13708, stack(0x000000f208900000,0x000000f208a00000)]
  0x000002147e6a3c10 JavaThread "Keep-Alive-Timer" daemon [_thread_blocked, id=7516, stack(0x000000f208b00000,0x000000f208c00000)]
  0x000002147ede4200 JavaThread "C1 CompilerThread2" daemon [_thread_blocked, id=1596, stack(0x000000f208d00000,0x000000f208e00000)]
  0x0000021438e9a020 JavaThread "Catalina-utility-1" [_thread_blocked, id=10312, stack(0x000000f208e00000,0x000000f208f00000)]
  0x000002147f2e3a20 JavaThread "Catalina-utility-2" [_thread_blocked, id=13804, stack(0x000000f208f00000,0x000000f209000000)]
  0x000002147f13bf60 JavaThread "container-0" [_thread_blocked, id=620, stack(0x000000f209000000,0x000000f209100000)]
  0x000002147f13a100 JavaThread "mysql-cj-abandoned-connection-cleanup" daemon [_thread_blocked, id=2228, stack(0x000000f209100000,0x000000f209200000)]
  0x000002147f138cc0 JavaThread "HikariPool-1 housekeeper" daemon [_thread_blocked, id=12012, stack(0x000000f209200000,0x000000f209300000)]
  0x000002147f13a610 JavaThread "ClassGraph-worker-32" daemon [_thread_blocked, id=12424, stack(0x000000f209300000,0x000000f209400000)]
  0x000002147f13ab20 JavaThread "ClassGraph-worker-33" daemon [_thread_blocked, id=8188, stack(0x000000f209400000,0x000000f209500000)]
  0x000002147f13b540 JavaThread "ClassGraph-worker-34" daemon [_thread_blocked, id=8256, stack(0x000000f209500000,0x000000f209600000)]
  0x000002147f13ba50 JavaThread "ClassGraph-worker-35" daemon [_thread_blocked, id=7772, stack(0x000000f209600000,0x000000f209700000)]
  0x0000021400d3b0a0 JavaThread "ClassGraph-worker-36" daemon [_thread_blocked, id=12468, stack(0x000000f209700000,0x000000f209800000)]
  0x0000021400d35fa0 JavaThread "ClassGraph-worker-37" daemon [_thread_blocked, id=11424, stack(0x000000f209800000,0x000000f209900000)]
  0x0000021400d36ed0 JavaThread "ClassGraph-worker-38" daemon [_thread_blocked, id=7528, stack(0x000000f209900000,0x000000f209a00000)]
  0x0000021400d3b5b0 JavaThread "ClassGraph-worker-39" daemon [_thread_blocked, id=9232, stack(0x000000f209a00000,0x000000f209b00000)]

Other Threads:
=>0x0000021438193eb0 VMThread "VM Thread" [stack: 0x000000f207800000,0x000000f207900000] [id=13040]
  0x0000021426cae390 WatcherThread [stack: 0x000000f208a00000,0x000000f208b00000] [id=2124]
  0x0000021426d05750 GCTaskThread "GC Thread#0" [stack: 0x000000f207300000,0x000000f207400000] [id=3996]
  0x0000021438b26650 GCTaskThread "GC Thread#1" [stack: 0x000000f208500000,0x000000f208600000] [id=4120]
  0x0000021438b3a7f0 GCTaskThread "GC Thread#2" [stack: 0x000000f208600000,0x000000f208700000] [id=12092]
  0x0000021438b3aab0 GCTaskThread "GC Thread#3" [stack: 0x000000f208700000,0x000000f208800000] [id=4572]
  0x0000021426d17a10 ConcurrentGCThread "G1 Main Marker" [stack: 0x000000f207400000,0x000000f207500000] [id=13396]
  0x0000021426d18330 ConcurrentGCThread "G1 Conc#0" [stack: 0x000000f207500000,0x000000f207600000] [id=10220]
  0x0000021438040090 ConcurrentGCThread "G1 Refine#0" [stack: 0x000000f207600000,0x000000f207700000] [id=4772]
  0x0000021438b2de70 ConcurrentGCThread "G1 Refine#1" [stack: 0x000000f208800000,0x000000f208900000] [id=2600]
  0x00000214380409d0 ConcurrentGCThread "G1 Service" [stack: 0x000000f207700000,0x000000f207800000] [id=12836]

Threads with active compile tasks:

VM state: at safepoint (normal execution)

VM Mutex/Monitor currently owned by a thread:  ([mutex/lock_event])
[0x0000021426ca9d70] Threads_lock - owner thread: 0x0000021438193eb0
[0x0000021426ca9a10] Heap_lock - owner thread: 0x000002147f13b540

Heap address: 0x0000000085e00000, size: 1954 MB, Compressed Oops mode: 32-bit

CDS archive(s) mapped at: [0x0000021439000000-0x0000021439bd0000-0x0000021439bd0000), size 12386304, SharedBaseAddress: 0x0000021439000000, ArchiveRelocationMode: 1.
Compressed class space mapped at: 0x000002143a000000-0x000002147a000000, reserved size: 1073741824
Narrow klass base: 0x0000021439000000, Narrow klass shift: 0, Narrow klass range: 0x100000000

GC Precious Log:
 CPUs: 4 total, 4 available
 Memory: 7815M
 Large Page Support: Disabled
 NUMA Support: Disabled
 Compressed Oops: Enabled (32-bit)
 Heap Region Size: 1M
 Heap Min Capacity: 8M
 Heap Initial Capacity: 124M
 Heap Max Capacity: 1954M
 Pre-touch: Disabled
 Parallel Workers: 4
 Concurrent Workers: 1
 Concurrent Refinement Workers: 4
 Periodic GC: Disabled

Heap:
 garbage-first heap   total 126976K, used 75822K [0x0000000085e00000, 0x0000000100000000)
  region size 1024K, 3 young (3072K), 3 survivors (3072K)
 Metaspace       used 71607K, committed 72128K, reserved 1114112K
  class space    used 10223K, committed 10496K, reserved 1048576K

Heap Regions: E=young(eden), S=young(survivor), O=old, HS=humongous(starts), HC=humongous(continues), CS=collection set, F=free, OA=open archive, CA=closed archive, TAMS=top-at-mark-start (previous, next)
|   0|0x0000000085e00000, 0x0000000085f00000, 0x0000000085f00000|100%|HS|  |TAMS 0x0000000085f00000, 0x0000000085f00000| Complete 
|   1|0x0000000085f00000, 0x0000000086000000, 0x0000000086000000|100%| O|  |TAMS 0x0000000086000000, 0x0000000086000000| Untracked 
|   2|0x0000000086000000, 0x0000000086100000, 0x0000000086100000|100%| O|  |TAMS 0x0000000086100000, 0x0000000086100000| Untracked 
|   3|0x0000000086100000, 0x0000000086200000, 0x0000000086200000|100%| O|  |TAMS 0x0000000086200000, 0x0000000086200000| Untracked 
|   4|0x0000000086200000, 0x0000000086300000, 0x0000000086300000|100%| O|  |TAMS 0x0000000086300000, 0x0000000086300000| Untracked 
|   5|0x0000000086300000, 0x0000000086400000, 0x0000000086400000|100%| O|  |TAMS 0x0000000086400000, 0x0000000086400000| Untracked 
|   6|0x0000000086400000, 0x0000000086500000, 0x0000000086500000|100%| O|  |TAMS 0x0000000086500000, 0x0000000086500000| Untracked 
|   7|0x0000000086500000, 0x0000000086600000, 0x0000000086600000|100%| O|  |TAMS 0x0000000086600000, 0x0000000086600000| Untracked 
|   8|0x0000000086600000, 0x00000000866cd000, 0x0000000086700000| 80%| O|  |TAMS 0x00000000866cd000, 0x00000000866cd000| Untracked 
|   9|0x0000000086700000, 0x0000000086800000, 0x0000000086800000|100%| O|  |TAMS 0x0000000086800000, 0x0000000086800000| Untracked 
|  10|0x0000000086800000, 0x0000000086900000, 0x0000000086900000|100%| O|  |TAMS 0x0000000086900000, 0x0000000086900000| Untracked 
|  11|0x0000000086900000, 0x0000000086a00000, 0x0000000086a00000|100%| O|  |TAMS 0x0000000086a00000, 0x0000000086a00000| Untracked 
|  12|0x0000000086a00000, 0x0000000086b00000, 0x0000000086b00000|100%| O|  |TAMS 0x0000000086b00000, 0x0000000086b00000| Untracked 
|  13|0x0000000086b00000, 0x0000000086c00000, 0x0000000086c00000|100%| O|  |TAMS 0x0000000086c00000, 0x0000000086c00000| Untracked 
|  14|0x0000000086c00000, 0x0000000086d00000, 0x0000000086d00000|100%| O|  |TAMS 0x0000000086d00000, 0x0000000086d00000| Untracked 
|  15|0x0000000086d00000, 0x0000000086e00000, 0x0000000086e00000|100%| O|  |TAMS 0x0000000086d00000, 0x0000000086d00000| Untracked 
|  16|0x0000000086e00000, 0x0000000086f00000, 0x0000000086f00000|100%| O|  |TAMS 0x0000000086f00000, 0x0000000086f00000| Untracked 
|  17|0x0000000086f00000, 0x0000000087000000, 0x0000000087000000|100%| O|  |TAMS 0x0000000087000000, 0x0000000087000000| Untracked 
|  18|0x0000000087000000, 0x0000000087100000, 0x0000000087100000|100%| O|  |TAMS 0x0000000087100000, 0x0000000087100000| Untracked 
|  19|0x0000000087100000, 0x0000000087200000, 0x0000000087200000|100%| O|  |TAMS 0x0000000087200000, 0x0000000087200000| Untracked 
|  20|0x0000000087200000, 0x0000000087300000, 0x0000000087300000|100%| O|  |TAMS 0x0000000087300000, 0x0000000087300000| Untracked 
|  21|0x0000000087300000, 0x0000000087400000, 0x0000000087400000|100%| O|  |TAMS 0x0000000087400000, 0x0000000087400000| Untracked 
|  22|0x0000000087400000, 0x0000000087500000, 0x0000000087500000|100%| O|  |TAMS 0x0000000087500000, 0x0000000087500000| Untracked 
|  23|0x0000000087500000, 0x0000000087600000, 0x0000000087600000|100%| O|  |TAMS 0x0000000087600000, 0x0000000087600000| Untracked 
|  24|0x0000000087600000, 0x0000000087700000, 0x0000000087700000|100%| O|  |TAMS 0x0000000087700000, 0x0000000087700000| Untracked 
|  25|0x0000000087700000, 0x0000000087800000, 0x0000000087800000|100%| O|  |TAMS 0x0000000087800000, 0x0000000087800000| Untracked 
|  26|0x0000000087800000, 0x0000000087900000, 0x0000000087900000|100%| O|  |TAMS 0x0000000087900000, 0x0000000087900000| Untracked 
|  27|0x0000000087900000, 0x0000000087a00000, 0x0000000087a00000|100%| O|  |TAMS 0x0000000087a00000, 0x0000000087a00000| Untracked 
|  28|0x0000000087a00000, 0x0000000087b00000, 0x0000000087b00000|100%| O|  |TAMS 0x0000000087b00000, 0x0000000087b00000| Untracked 
|  29|0x0000000087b00000, 0x0000000087c00000, 0x0000000087c00000|100%| O|  |TAMS 0x0000000087c00000, 0x0000000087c00000| Untracked 
|  30|0x0000000087c00000, 0x0000000087d00000, 0x0000000087d00000|100%| O|  |TAMS 0x0000000087d00000, 0x0000000087d00000| Untracked 
|  31|0x0000000087d00000, 0x0000000087e00000, 0x0000000087e00000|100%| O|  |TAMS 0x0000000087e00000, 0x0000000087e00000| Untracked 
|  32|0x0000000087e00000, 0x0000000087f00000, 0x0000000087f00000|100%| O|  |TAMS 0x0000000087f00000, 0x0000000087f00000| Untracked 
|  33|0x0000000087f00000, 0x0000000088000000, 0x0000000088000000|100%| O|  |TAMS 0x0000000088000000, 0x0000000088000000| Untracked 
|  34|0x0000000088000000, 0x0000000088100000, 0x0000000088100000|100%| O|  |TAMS 0x0000000088100000, 0x0000000088100000| Untracked 
|  35|0x0000000088100000, 0x0000000088200000, 0x0000000088200000|100%| O|  |TAMS 0x0000000088200000, 0x0000000088200000| Untracked 
|  36|0x0000000088200000, 0x0000000088300000, 0x0000000088300000|100%| O|  |TAMS 0x0000000088300000, 0x0000000088300000| Untracked 
|  37|0x0000000088300000, 0x0000000088400000, 0x0000000088400000|100%| O|  |TAMS 0x0000000088400000, 0x0000000088400000| Untracked 
|  38|0x0000000088400000, 0x0000000088500000, 0x0000000088500000|100%| O|  |TAMS 0x0000000088500000, 0x0000000088500000| Untracked 
|  39|0x0000000088500000, 0x0000000088600000, 0x0000000088600000|100%| O|  |TAMS 0x0000000088600000, 0x0000000088600000| Untracked 
|  40|0x0000000088600000, 0x0000000088700000, 0x0000000088700000|100%| O|  |TAMS 0x0000000088700000, 0x0000000088700000| Untracked 
|  41|0x0000000088700000, 0x0000000088800000, 0x0000000088800000|100%| O|  |TAMS 0x0000000088800000, 0x0000000088800000| Untracked 
|  42|0x0000000088800000, 0x0000000088900000, 0x0000000088900000|100%| O|  |TAMS 0x0000000088858800, 0x0000000088900000| Untracked 
|  43|0x0000000088900000, 0x0000000088a00000, 0x0000000088a00000|100%| O|  |TAMS 0x0000000088900000, 0x0000000088a00000| Untracked 
|  44|0x0000000088a00000, 0x0000000088b00000, 0x0000000088b00000|100%| O|  |TAMS 0x0000000088a00000, 0x0000000088b00000| Untracked 
|  45|0x0000000088b00000, 0x0000000088c00000, 0x0000000088c00000|100%| O|  |TAMS 0x0000000088b00000, 0x0000000088c00000| Untracked 
|  46|0x0000000088c00000, 0x0000000088d00000, 0x0000000088d00000|100%| O|  |TAMS 0x0000000088c00000, 0x0000000088d00000| Untracked 
|  47|0x0000000088d00000, 0x0000000088e00000, 0x0000000088e00000|100%| O|  |TAMS 0x0000000088d00000, 0x0000000088e00000| Untracked 
|  48|0x0000000088e00000, 0x0000000088f00000, 0x0000000088f00000|100%| O|  |TAMS 0x0000000088e00000, 0x0000000088f00000| Untracked 
|  49|0x0000000088f00000, 0x0000000089000000, 0x0000000089000000|100%| O|  |TAMS 0x0000000088f00000, 0x0000000089000000| Untracked 
|  50|0x0000000089000000, 0x0000000089100000, 0x0000000089100000|100%| O|  |TAMS 0x0000000089000000, 0x0000000089100000| Untracked 
|  51|0x0000000089100000, 0x0000000089200000, 0x0000000089200000|100%| O|  |TAMS 0x0000000089100000, 0x0000000089200000| Untracked 
|  52|0x0000000089200000, 0x0000000089300000, 0x0000000089300000|100%| O|  |TAMS 0x0000000089200000, 0x0000000089300000| Untracked 
|  53|0x0000000089300000, 0x0000000089400000, 0x0000000089400000|100%| O|  |TAMS 0x0000000089300000, 0x0000000089400000| Untracked 
|  54|0x0000000089400000, 0x0000000089500000, 0x0000000089500000|100%| O|  |TAMS 0x0000000089400000, 0x0000000089500000| Untracked 
|  55|0x0000000089500000, 0x0000000089600000, 0x0000000089600000|100%| O|  |TAMS 0x0000000089500000, 0x0000000089600000| Untracked 
|  56|0x0000000089600000, 0x0000000089700000, 0x0000000089700000|100%| O|  |TAMS 0x0000000089600000, 0x0000000089700000| Untracked 
|  57|0x0000000089700000, 0x0000000089800000, 0x0000000089800000|100%| O|  |TAMS 0x0000000089700000, 0x0000000089800000| Untracked 
|  58|0x0000000089800000, 0x0000000089900000, 0x0000000089900000|100%| O|  |TAMS 0x0000000089800000, 0x0000000089900000| Untracked 
|  59|0x0000000089900000, 0x0000000089a00000, 0x0000000089a00000|100%| O|  |TAMS 0x0000000089900000, 0x0000000089a00000| Untracked 
|  60|0x0000000089a00000, 0x0000000089b00000, 0x0000000089b00000|100%| O|  |TAMS 0x0000000089a00000, 0x0000000089b00000| Untracked 
|  61|0x0000000089b00000, 0x0000000089c00000, 0x0000000089c00000|100%| O|  |TAMS 0x0000000089b00000, 0x0000000089c00000| Untracked 
|  62|0x0000000089c00000, 0x0000000089d00000, 0x0000000089d00000|100%| O|  |TAMS 0x0000000089c00000, 0x0000000089d00000| Untracked 
|  63|0x0000000089d00000, 0x0000000089e00000, 0x0000000089e00000|100%| O|  |TAMS 0x0000000089d00000, 0x0000000089e00000| Untracked 
|  64|0x0000000089e00000, 0x0000000089f00000, 0x0000000089f00000|100%| O|  |TAMS 0x0000000089e00000, 0x0000000089f00000| Untracked 
|  65|0x0000000089f00000, 0x000000008a000000, 0x000000008a000000|100%| O|  |TAMS 0x0000000089f00000, 0x000000008a000000| Untracked 
|  66|0x000000008a000000, 0x000000008a100000, 0x000000008a100000|100%| O|  |TAMS 0x000000008a000000, 0x000000008a100000| Untracked 
|  67|0x000000008a100000, 0x000000008a200000, 0x000000008a200000|100%| O|  |TAMS 0x000000008a100000, 0x000000008a200000| Untracked 
|  68|0x000000008a200000, 0x000000008a300000, 0x000000008a300000|100%| O|  |TAMS 0x000000008a200000, 0x000000008a300000| Untracked 
|  69|0x000000008a300000, 0x000000008a400000, 0x000000008a400000|100%| O|  |TAMS 0x000000008a300000, 0x000000008a400000| Untracked 
|  70|0x000000008a400000, 0x000000008a500000, 0x000000008a500000|100%| O|  |TAMS 0x000000008a400000, 0x000000008a500000| Untracked 
|  71|0x000000008a500000, 0x000000008a53ea00, 0x000000008a600000| 24%| O|  |TAMS 0x000000008a500000, 0x000000008a500000| Untracked 
|  72|0x000000008a600000, 0x000000008a600000, 0x000000008a700000|  0%| F|  |TAMS 0x000000008a600000, 0x000000008a600000| Untracked 
|  73|0x000000008a700000, 0x000000008a700000, 0x000000008a800000|  0%| F|  |TAMS 0x000000008a700000, 0x000000008a700000| Untracked 
|  74|0x000000008a800000, 0x000000008a800000, 0x000000008a900000|  0%| F|  |TAMS 0x000000008a800000, 0x000000008a800000| Untracked 
|  75|0x000000008a900000, 0x000000008a900000, 0x000000008aa00000|  0%| F|  |TAMS 0x000000008a900000, 0x000000008a900000| Untracked 
|  76|0x000000008aa00000, 0x000000008aa00000, 0x000000008ab00000|  0%| F|  |TAMS 0x000000008aa00000, 0x000000008aa00000| Untracked 
|  77|0x000000008ab00000, 0x000000008ab00000, 0x000000008ac00000|  0%| F|  |TAMS 0x000000008ab00000, 0x000000008ab00000| Untracked 
|  78|0x000000008ac00000, 0x000000008ac00000, 0x000000008ad00000|  0%| F|  |TAMS 0x000000008ac00000, 0x000000008ac00000| Untracked 
|  79|0x000000008ad00000, 0x000000008ad00000, 0x000000008ae00000|  0%| F|  |TAMS 0x000000008ad00000, 0x000000008ad00000| Untracked 
|  80|0x000000008ae00000, 0x000000008ae00000, 0x000000008af00000|  0%| F|  |TAMS 0x000000008ae00000, 0x000000008ae00000| Untracked 
|  81|0x000000008af00000, 0x000000008af00000, 0x000000008b000000|  0%| F|  |TAMS 0x000000008af00000, 0x000000008af00000| Untracked 
|  82|0x000000008b000000, 0x000000008b000000, 0x000000008b100000|  0%| F|  |TAMS 0x000000008b000000, 0x000000008b000000| Untracked 
|  83|0x000000008b100000, 0x000000008b100000, 0x000000008b200000|  0%| F|  |TAMS 0x000000008b100000, 0x000000008b100000| Untracked 
|  84|0x000000008b200000, 0x000000008b200000, 0x000000008b300000|  0%| F|  |TAMS 0x000000008b200000, 0x000000008b200000| Untracked 
|  85|0x000000008b300000, 0x000000008b300000, 0x000000008b400000|  0%| F|  |TAMS 0x000000008b300000, 0x000000008b300000| Untracked 
|  86|0x000000008b400000, 0x000000008b400000, 0x000000008b500000|  0%| F|  |TAMS 0x000000008b400000, 0x000000008b400000| Untracked 
|  87|0x000000008b500000, 0x000000008b500000, 0x000000008b600000|  0%| F|  |TAMS 0x000000008b500000, 0x000000008b500000| Untracked 
|  88|0x000000008b600000, 0x000000008b600000, 0x000000008b700000|  0%| F|  |TAMS 0x000000008b600000, 0x000000008b600000| Untracked 
|  89|0x000000008b700000, 0x000000008b700000, 0x000000008b800000|  0%| F|  |TAMS 0x000000008b700000, 0x000000008b700000| Untracked 
|  90|0x000000008b800000, 0x000000008b800000, 0x000000008b900000|  0%| F|  |TAMS 0x000000008b800000, 0x000000008b800000| Untracked 
|  91|0x000000008b900000, 0x000000008b900000, 0x000000008ba00000|  0%| F|  |TAMS 0x000000008b900000, 0x000000008b900000| Untracked 
|  92|0x000000008ba00000, 0x000000008ba00000, 0x000000008bb00000|  0%| F|  |TAMS 0x000000008ba00000, 0x000000008ba00000| Untracked 
|  93|0x000000008bb00000, 0x000000008bc00000, 0x000000008bc00000|100%| S|CS|TAMS 0x000000008bb00000, 0x000000008bb00000| Complete 
|  94|0x000000008bc00000, 0x000000008bd00000, 0x000000008bd00000|100%| S|CS|TAMS 0x000000008bc00000, 0x000000008bc00000| Complete 
|  95|0x000000008bd00000, 0x000000008be00000, 0x000000008be00000|100%| S|CS|TAMS 0x000000008bd00000, 0x000000008bd00000| Complete 
|  96|0x000000008be00000, 0x000000008be00000, 0x000000008bf00000|  0%| F|  |TAMS 0x000000008be00000, 0x000000008be00000| Untracked 
|  97|0x000000008bf00000, 0x000000008bf00000, 0x000000008c000000|  0%| F|  |TAMS 0x000000008bf00000, 0x000000008bf00000| Untracked 
|  98|0x000000008c000000, 0x000000008c000000, 0x000000008c100000|  0%| F|  |TAMS 0x000000008c000000, 0x000000008c000000| Untracked 
|  99|0x000000008c100000, 0x000000008c100000, 0x000000008c200000|  0%| F|  |TAMS 0x000000008c100000, 0x000000008c100000| Untracked 
| 100|0x000000008c200000, 0x000000008c200000, 0x000000008c300000|  0%| F|  |TAMS 0x000000008c200000, 0x000000008c200000| Untracked 
| 101|0x000000008c300000, 0x000000008c300000, 0x000000008c400000|  0%| F|  |TAMS 0x000000008c300000, 0x000000008c300000| Untracked 
| 102|0x000000008c400000, 0x000000008c400000, 0x000000008c500000|  0%| F|  |TAMS 0x000000008c400000, 0x000000008c400000| Untracked 
| 103|0x000000008c500000, 0x000000008c500000, 0x000000008c600000|  0%| F|  |TAMS 0x000000008c500000, 0x000000008c500000| Untracked 
| 104|0x000000008c600000, 0x000000008c600000, 0x000000008c700000|  0%| F|  |TAMS 0x000000008c600000, 0x000000008c600000| Untracked 
| 105|0x000000008c700000, 0x000000008c700000, 0x000000008c800000|  0%| F|  |TAMS 0x000000008c700000, 0x000000008c700000| Untracked 
| 106|0x000000008c800000, 0x000000008c800000, 0x000000008c900000|  0%| F|  |TAMS 0x000000008c800000, 0x000000008c800000| Untracked 
| 107|0x000000008c900000, 0x000000008c900000, 0x000000008ca00000|  0%| F|  |TAMS 0x000000008c900000, 0x000000008c900000| Untracked 
| 108|0x000000008ca00000, 0x000000008ca00000, 0x000000008cb00000|  0%| F|  |TAMS 0x000000008ca00000, 0x000000008ca00000| Untracked 
| 109|0x000000008cb00000, 0x000000008cb00000, 0x000000008cc00000|  0%| F|  |TAMS 0x000000008cb00000, 0x000000008cb00000| Untracked 
| 110|0x000000008cc00000, 0x000000008cc00000, 0x000000008cd00000|  0%| F|  |TAMS 0x000000008cc00000, 0x000000008cc00000| Untracked 
| 111|0x000000008cd00000, 0x000000008cd00000, 0x000000008ce00000|  0%| F|  |TAMS 0x000000008cd00000, 0x000000008cd00000| Untracked 
| 112|0x000000008ce00000, 0x000000008ce00000, 0x000000008cf00000|  0%| F|  |TAMS 0x000000008ce00000, 0x000000008ce00000| Untracked 
| 113|0x000000008cf00000, 0x000000008cf00000, 0x000000008d000000|  0%| F|  |TAMS 0x000000008cf00000, 0x000000008cf00000| Untracked 
| 114|0x000000008d000000, 0x000000008d000000, 0x000000008d100000|  0%| F|  |TAMS 0x000000008d000000, 0x000000008d000000| Untracked 
| 115|0x000000008d100000, 0x000000008d100000, 0x000000008d200000|  0%| F|  |TAMS 0x000000008d100000, 0x000000008d100000| Untracked 
| 116|0x000000008d200000, 0x000000008d200000, 0x000000008d300000|  0%| F|  |TAMS 0x000000008d200000, 0x000000008d200000| Untracked 
| 117|0x000000008d300000, 0x000000008d300000, 0x000000008d400000|  0%| F|  |TAMS 0x000000008d300000, 0x000000008d300000| Untracked 
| 118|0x000000008d400000, 0x000000008d400000, 0x000000008d500000|  0%| F|  |TAMS 0x000000008d400000, 0x000000008d400000| Untracked 
| 119|0x000000008d500000, 0x000000008d500000, 0x000000008d600000|  0%| F|  |TAMS 0x000000008d500000, 0x000000008d500000| Untracked 
| 120|0x000000008d600000, 0x000000008d600000, 0x000000008d700000|  0%| F|  |TAMS 0x000000008d600000, 0x000000008d600000| Untracked 
| 121|0x000000008d700000, 0x000000008d700000, 0x000000008d800000|  0%| F|  |TAMS 0x000000008d700000, 0x000000008d700000| Untracked 
| 122|0x000000008d800000, 0x000000008d800000, 0x000000008d900000|  0%| F|  |TAMS 0x000000008d800000, 0x000000008d800000| Untracked 
| 123|0x000000008d900000, 0x000000008d900000, 0x000000008da00000|  0%| F|  |TAMS 0x000000008d900000, 0x000000008d900000| Untracked 

Card table byte_map: [0x0000021431930000,0x0000021431d10000] _byte_map_base: 0x0000021431501000

Marking Bits (Prev, Next): (CMBitMap*) 0x0000021426d07ce0, (CMBitMap*) 0x0000021426d07ca0
 Prev Bits: [0x0000021433f80000, 0x0000021435e08000)
 Next Bits: [0x00000214320f0000, 0x0000021433f78000)

Polling page: 0x0000021424c70000

Metaspace:

Usage:
  Non-class:     59.95 MB used.
      Class:      9.98 MB used.
       Both:     69.93 MB used.

Virtual space:
  Non-class space:       64.00 MB reserved,      60.19 MB ( 94%) committed,  1 nodes.
      Class space:        1.00 GB reserved,      10.25 MB (  1%) committed,  1 nodes.
             Both:        1.06 GB reserved,      70.44 MB (  6%) committed. 

Chunk freelists:
   Non-Class:  3.20 MB
       Class:  5.59 MB
        Both:  8.79 MB

MaxMetaspaceSize: unlimited
CompressedClassSpaceSize: 1.00 GB
Initial GC threshold: 21.00 MB
Current GC threshold: 117.31 MB
CDS: on
MetaspaceReclaimPolicy: balanced
 - commit_granule_bytes: 65536.
 - commit_granule_words: 8192.
 - virtual_space_node_default_size: 8388608.
 - enlarge_chunks_in_place: 1.
 - new_chunks_are_fully_committed: 0.
 - uncommit_free_chunks: 1.
 - use_allocation_guard: 0.
 - handle_deallocations: 1.


Internal statistics:

num_allocs_failed_limit: 15.
num_arena_births: 750.
num_arena_deaths: 0.
num_vsnodes_births: 2.
num_vsnodes_deaths: 0.
num_space_committed: 1127.
num_space_uncommitted: 0.
num_chunks_returned_to_freelist: 15.
num_chunks_taken_from_freelist: 3222.
num_chunk_merges: 15.
num_chunk_splits: 2414.
num_chunks_enlarged: 1927.
num_inconsistent_stats: 0.

CodeCache: size=49152Kb used=13076Kb max_used=13076Kb free=36075Kb
 bounds [0x000002142e550000, 0x000002142f220000, 0x0000021431550000]
 total_blobs=7135 nmethods=6435 adapters=625
 compilation: enabled
              stopped_count=0, restarted_count=0
 full_count=0

Compilation events (20 events):
Event: 21.273 Thread 0x00000214381b1900 6427   !   1       jdk.internal.reflect.GeneratedMethodAccessor16::invoke (64 bytes)
Event: 21.273 Thread 0x000002147ede4200 6428   !   1       jdk.internal.reflect.GeneratedMethodAccessor17::invoke (61 bytes)
Event: 21.273 Thread 0x00000214381b1900 nmethod 6427 0x000002142f20ff90 code [0x000002142f210180, 0x000002142f210588]
Event: 21.273 Thread 0x000002147ede4200 nmethod 6428 0x000002142f210810 code [0x000002142f210a00, 0x000002142f210eb8]
Event: 21.276 Thread 0x000002147ede4200 6429       1       java.util.ComparableTimSort::mergeCollapse (134 bytes)
Event: 21.277 Thread 0x000002147ede4200 nmethod 6429 0x000002142f211210 code [0x000002142f2113c0, 0x000002142f2116a8]
Event: 21.279 Thread 0x000002147ede4200 6430       1       java.util.ComparableTimSort::mergeHi (729 bytes)
Event: 21.280 Thread 0x000002143847ffe0 6431       1       java.lang.WeakPairMap::expungeStaleAssociations (31 bytes)
Event: 21.281 Thread 0x000002143847ffe0 nmethod 6431 0x000002142f211890 code [0x000002142f211a60, 0x000002142f211d28]
Event: 21.282 Thread 0x000002147ede4200 nmethod 6430 0x000002142f211f10 code [0x000002142f212200, 0x000002142f213b78]
Event: 21.300 Thread 0x000002147ede4200 6432       1       java.lang.Thread::getThreadGroup (5 bytes)
Event: 21.300 Thread 0x000002147ede4200 nmethod 6432 0x000002142f214290 code [0x000002142f214420, 0x000002142f2144f8]
Event: 21.318 Thread 0x000002143847ffe0 6433       1       java.util.concurrent.atomic.AtomicLong::addAndGet (14 bytes)
Event: 21.318 Thread 0x000002143847ffe0 nmethod 6433 0x000002142f214590 code [0x000002142f214720, 0x000002142f2147f8]
Event: 21.319 Thread 0x000002143847ffe0 6434       1       java.nio.ByteBuffer::<init> (14 bytes)
Event: 21.319 Thread 0x000002147ede4200 6435       1       java.nio.MappedByteBuffer::limit (6 bytes)
Event: 21.319 Thread 0x000002143847ffe0 nmethod 6434 0x000002142f214890 code [0x000002142f214a20, 0x000002142f214b08]
Event: 21.319 Thread 0x000002147ede4200 nmethod 6435 0x000002142f214b90 code [0x000002142f214d20, 0x000002142f214e08]
Event: 21.319 Thread 0x000002147ede4200 6436       1       java.nio.MappedByteBuffer::position (6 bytes)
Event: 21.319 Thread 0x000002147ede4200 nmethod 6436 0x000002142f214e90 code [0x000002142f215020, 0x000002142f215108]

GC Heap History (20 events):
Event: 17.957 GC heap after
{Heap after GC invocations=22 (full 0):
 garbage-first heap   total 79872K, used 34620K [0x0000000085e00000, 0x0000000100000000)
  region size 1024K, 5 young (5120K), 5 survivors (5120K)
 Metaspace       used 68318K, committed 68864K, reserved 1114112K
  class space    used 9786K, committed 10048K, reserved 1048576K
}
Event: 18.731 GC heap before
{Heap before GC invocations=22 (full 0):
 garbage-first heap   total 79872K, used 64316K [0x0000000085e00000, 0x0000000100000000)
  region size 1024K, 34 young (34816K), 5 survivors (5120K)
 Metaspace       used 69468K, committed 70016K, reserved 1114112K
  class space    used 9953K, committed 10240K, reserved 1048576K
}
Event: 18.747 GC heap after
{Heap after GC invocations=23 (full 0):
 garbage-first heap   total 79872K, used 36037K [0x0000000085e00000, 0x0000000100000000)
  region size 1024K, 4 young (4096K), 4 survivors (4096K)
 Metaspace       used 69468K, committed 70016K, reserved 1114112K
  class space    used 9953K, committed 10240K, reserved 1048576K
}
Event: 19.470 GC heap before
{Heap before GC invocations=23 (full 0):
 garbage-first heap   total 79872K, used 64709K [0x0000000085e00000, 0x0000000100000000)
  region size 1024K, 32 young (32768K), 4 survivors (4096K)
 Metaspace       used 70737K, committed 71296K, reserved 1114112K
  class space    used 10129K, committed 10432K, reserved 1048576K
}
Event: 19.482 GC heap after
{Heap after GC invocations=24 (full 0):
 garbage-first heap   total 79872K, used 37441K [0x0000000085e00000, 0x0000000100000000)
  region size 1024K, 3 young (3072K), 3 survivors (3072K)
 Metaspace       used 70737K, committed 71296K, reserved 1114112K
  class space    used 10129K, committed 10432K, reserved 1048576K
}
Event: 20.105 GC heap before
{Heap before GC invocations=24 (full 0):
 garbage-first heap   total 79872K, used 66113K [0x0000000085e00000, 0x0000000100000000)
  region size 1024K, 31 young (31744K), 3 survivors (3072K)
 Metaspace       used 71518K, committed 72064K, reserved 1114112K
  class space    used 10210K, committed 10496K, reserved 1048576K
}
Event: 20.125 GC heap after
{Heap after GC invocations=25 (full 0):
 garbage-first heap   total 79872K, used 42804K [0x0000000085e00000, 0x0000000100000000)
  region size 1024K, 4 young (4096K), 4 survivors (4096K)
 Metaspace       used 71518K, committed 72064K, reserved 1114112K
  class space    used 10210K, committed 10496K, reserved 1048576K
}
Event: 20.371 GC heap before
{Heap before GC invocations=25 (full 0):
 garbage-first heap   total 79872K, used 53044K [0x0000000085e00000, 0x0000000100000000)
  region size 1024K, 16 young (16384K), 4 survivors (4096K)
 Metaspace       used 71518K, committed 72064K, reserved 1114112K
  class space    used 10210K, committed 10496K, reserved 1048576K
}
Event: 20.381 GC heap after
{Heap after GC invocations=26 (full 0):
 garbage-first heap   total 96256K, used 46230K [0x0000000085e00000, 0x0000000100000000)
  region size 1024K, 3 young (3072K), 3 survivors (3072K)
 Metaspace       used 71518K, committed 72064K, reserved 1114112K
  class space    used 10210K, committed 10496K, reserved 1048576K
}
Event: 20.847 GC heap before
{Heap before GC invocations=27 (full 0):
 garbage-first heap   total 97280K, used 69782K [0x0000000085e00000, 0x0000000100000000)
  region size 1024K, 27 young (27648K), 3 survivors (3072K)
 Metaspace       used 71607K, committed 72128K, reserved 1114112K
  class space    used 10223K, committed 10496K, reserved 1048576K
}
Event: 20.862 GC heap after
{Heap after GC invocations=28 (full 0):
 garbage-first heap   total 97280K, used 53239K [0x0000000085e00000, 0x0000000100000000)
  region size 1024K, 4 young (4096K), 4 survivors (4096K)
 Metaspace       used 71607K, committed 72128K, reserved 1114112K
  class space    used 10223K, committed 10496K, reserved 1048576K
}
Event: 20.969 GC heap before
{Heap before GC invocations=28 (full 0):
 garbage-first heap   total 97280K, used 72695K [0x0000000085e00000, 0x0000000100000000)
  region size 1024K, 23 young (23552K), 4 survivors (4096K)
 Metaspace       used 71607K, committed 72128K, reserved 1114112K
  class space    used 10223K, committed 10496K, reserved 1048576K
}
Event: 20.980 GC heap after
{Heap after GC invocations=29 (full 0):
 garbage-first heap   total 97280K, used 57906K [0x0000000085e00000, 0x0000000100000000)
  region size 1024K, 3 young (3072K), 3 survivors (3072K)
 Metaspace       used 71607K, committed 72128K, reserved 1114112K
  class space    used 10223K, committed 10496K, reserved 1048576K
}
Event: 21.127 GC heap before
{Heap before GC invocations=29 (full 0):
 garbage-first heap   total 116736K, used 75314K [0x0000000085e00000, 0x0000000100000000)
  region size 1024K, 20 young (20480K), 3 survivors (3072K)
 Metaspace       used 71607K, committed 72128K, reserved 1114112K
  class space    used 10223K, committed 10496K, reserved 1048576K
}
Event: 21.135 GC heap after
{Heap after GC invocations=30 (full 0):
 garbage-first heap   total 116736K, used 62027K [0x0000000085e00000, 0x0000000100000000)
  region size 1024K, 3 young (3072K), 3 survivors (3072K)
 Metaspace       used 71607K, committed 72128K, reserved 1114112K
  class space    used 10223K, committed 10496K, reserved 1048576K
}
Event: 21.330 GC heap before
{Heap before GC invocations=31 (full 0):
 garbage-first heap   total 116736K, used 88651K [0x0000000085e00000, 0x0000000100000000)
  region size 1024K, 29 young (29696K), 3 survivors (3072K)
 Metaspace       used 71607K, committed 72128K, reserved 1114112K
  class space    used 10223K, committed 10496K, reserved 1048576K
}
Event: 21.345 GC heap after
{Heap after GC invocations=32 (full 0):
 garbage-first heap   total 116736K, used 71214K [0x0000000085e00000, 0x0000000100000000)
  region size 1024K, 4 young (4096K), 4 survivors (4096K)
 Metaspace       used 71607K, committed 72128K, reserved 1114112K
  class space    used 10223K, committed 10496K, reserved 1048576K
}
Event: 21.347 GC heap before
{Heap before GC invocations=32 (full 0):
 garbage-first heap   total 116736K, used 72238K [0x0000000085e00000, 0x0000000100000000)
  region size 1024K, 5 young (5120K), 4 survivors (4096K)
 Metaspace       used 71607K, committed 72128K, reserved 1114112K
  class space    used 10223K, committed 10496K, reserved 1048576K
}
Event: 21.355 GC heap after
{Heap after GC invocations=33 (full 0):
 garbage-first heap   total 116736K, used 72500K [0x0000000085e00000, 0x0000000100000000)
  region size 1024K, 1 young (1024K), 1 survivors (1024K)
 Metaspace       used 71607K, committed 72128K, reserved 1114112K
  class space    used 10223K, committed 10496K, reserved 1048576K
}
Event: 21.440 GC heap before
{Heap before GC invocations=33 (full 0):
 garbage-first heap   total 116736K, used 88884K [0x0000000085e00000, 0x0000000100000000)
  region size 1024K, 18 young (18432K), 1 survivors (1024K)
 Metaspace       used 71607K, committed 72128K, reserved 1114112K
  class space    used 10223K, committed 10496K, reserved 1048576K
}

Deoptimization events (10 events):
Event: 3.955 Thread 0x0000021426cad3d0 DEOPT PACKING pc=0x000002142e989a1c sp=0x000000f2072fdcf0
Event: 3.955 Thread 0x0000021426cad3d0 DEOPT UNPACKING pc=0x000002142e5a2b43 sp=0x000000f2072fd1b8 mode 0
Event: 11.350 Thread 0x0000021426cad3d0 DEOPT PACKING pc=0x000002142edaa7c2 sp=0x000000f2072fb230
Event: 11.350 Thread 0x0000021426cad3d0 DEOPT UNPACKING pc=0x000002142e5a2b43 sp=0x000000f2072fa7c8 mode 0
Event: 16.938 Thread 0x0000021426cad3d0 DEOPT PACKING pc=0x000002142e9d9024 sp=0x000000f2072fc3b0
Event: 16.938 Thread 0x0000021426cad3d0 DEOPT UNPACKING pc=0x000002142e5a2b43 sp=0x000000f2072fb908 mode 0
Event: 17.452 Thread 0x0000021426cad3d0 DEOPT PACKING pc=0x000002142ea789aa sp=0x000000f2072fdbf0
Event: 17.452 Thread 0x0000021426cad3d0 DEOPT UNPACKING pc=0x000002142e5a2b43 sp=0x000000f2072fd0f8 mode 3
Event: 17.453 Thread 0x0000021426cad3d0 DEOPT PACKING pc=0x000002142ea65ea5 sp=0x000000f2072fdbb0
Event: 17.453 Thread 0x0000021426cad3d0 DEOPT UNPACKING pc=0x000002142e5a2b43 sp=0x000000f2072fd0f8 mode 3

Classes unloaded (0 events):
No events

Classes redefined (0 events):
No events

Internal exceptions (20 events):
Event: 21.302 Thread 0x000002147f13ab20 Exception <a 'sun/nio/fs/WindowsException'{0x000000008ba12568}> (0x000000008ba12568) 
thrown [s\open\src\hotspot\share\prims\jni.cpp, line 516]
Event: 21.302 Thread 0x000002147f13ab20 Exception <a 'sun/nio/fs/WindowsException'{0x000000008ba12808}> (0x000000008ba12808) 
thrown [s\open\src\hotspot\share\prims\jni.cpp, line 516]
Event: 21.302 Thread 0x000002147f13ab20 Exception <a 'sun/nio/fs/WindowsException'{0x000000008ba13120}> (0x000000008ba13120) 
thrown [s\open\src\hotspot\share\prims\jni.cpp, line 516]
Event: 21.302 Thread 0x000002147f13ab20 Exception <a 'sun/nio/fs/WindowsException'{0x000000008ba13400}> (0x000000008ba13400) 
thrown [s\open\src\hotspot\share\prims\jni.cpp, line 516]
Event: 21.302 Thread 0x000002147f13ab20 Exception <a 'sun/nio/fs/WindowsException'{0x000000008ba13cf0}> (0x000000008ba13cf0) 
thrown [s\open\src\hotspot\share\prims\jni.cpp, line 516]
Event: 21.302 Thread 0x000002147f13ab20 Exception <a 'sun/nio/fs/WindowsException'{0x000000008ba13fa0}> (0x000000008ba13fa0) 
thrown [s\open\src\hotspot\share\prims\jni.cpp, line 516]
Event: 21.302 Thread 0x000002147f13ab20 Exception <a 'sun/nio/fs/WindowsException'{0x000000008ba14868}> (0x000000008ba14868) 
thrown [s\open\src\hotspot\share\prims\jni.cpp, line 516]
Event: 21.303 Thread 0x000002147f13ab20 Exception <a 'sun/nio/fs/WindowsException'{0x000000008ba14ad8}> (0x000000008ba14ad8) 
thrown [s\open\src\hotspot\share\prims\jni.cpp, line 516]
Event: 21.303 Thread 0x000002147f13ab20 Exception <a 'sun/nio/fs/WindowsException'{0x000000008ba153b0}> (0x000000008ba153b0) 
thrown [s\open\src\hotspot\share\prims\jni.cpp, line 516]
Event: 21.303 Thread 0x000002147f13ab20 Exception <a 'sun/nio/fs/WindowsException'{0x000000008ba15640}> (0x000000008ba15640) 
thrown [s\open\src\hotspot\share\prims\jni.cpp, line 516]
Event: 21.304 Thread 0x000002147f13ab20 Exception <a 'sun/nio/fs/WindowsException'{0x000000008ba15f08}> (0x000000008ba15f08) 
thrown [s\open\src\hotspot\share\prims\jni.cpp, line 516]
Event: 21.304 Thread 0x000002147f13ab20 Exception <a 'sun/nio/fs/WindowsException'{0x000000008ba16188}> (0x000000008ba16188) 
thrown [s\open\src\hotspot\share\prims\jni.cpp, line 516]
Event: 21.304 Thread 0x000002147f13ab20 Exception <a 'sun/nio/fs/WindowsException'{0x000000008ba16a60}> (0x000000008ba16a60) 
thrown [s\open\src\hotspot\share\prims\jni.cpp, line 516]
Event: 21.304 Thread 0x000002147f13ab20 Exception <a 'sun/nio/fs/WindowsException'{0x000000008ba16cf0}> (0x000000008ba16cf0) 
thrown [s\open\src\hotspot\share\prims\jni.cpp, line 516]
Event: 21.304 Thread 0x000002147f13ab20 Exception <a 'sun/nio/fs/WindowsException'{0x000000008ba175e0}> (0x000000008ba175e0) 
thrown [s\open\src\hotspot\share\prims\jni.cpp, line 516]
Event: 21.304 Thread 0x000002147f13ab20 Exception <a 'sun/nio/fs/WindowsException'{0x000000008ba17890}> (0x000000008ba17890) 
thrown [s\open\src\hotspot\share\prims\jni.cpp, line 516]
Event: 21.304 Thread 0x000002147f13ab20 Exception <a 'sun/nio/fs/WindowsException'{0x000000008ba18198}> (0x000000008ba18198) 
thrown [s\open\src\hotspot\share\prims\jni.cpp, line 516]
Event: 21.304 Thread 0x000002147f13ab20 Exception <a 'sun/nio/fs/WindowsException'{0x000000008ba18460}> (0x000000008ba18460) 
thrown [s\open\src\hotspot\share\prims\jni.cpp, line 516]
Event: 21.304 Thread 0x000002147f13ab20 Exception <a 'sun/nio/fs/WindowsException'{0x000000008ba18d60}> (0x000000008ba18d60) 
thrown [s\open\src\hotspot\share\prims\jni.cpp, line 516]
Event: 21.304 Thread 0x000002147f13ab20 Exception <a 'sun/nio/fs/WindowsException'{0x000000008ba19020}> (0x000000008ba19020) 
thrown [s\open\src\hotspot\share\prims\jni.cpp, line 516]

VM Operations (20 events):
Event: 20.564 Executing VM operation: G1Concurrent done
Event: 20.651 Executing VM operation: G1Concurrent
Event: 20.656 Executing VM operation: G1Concurrent done
Event: 20.735 Executing VM operation: HandshakeAllThreads
Event: 20.735 Executing VM operation: HandshakeAllThreads done
Event: 20.847 Executing VM operation: G1TryInitiateConcMark
Event: 20.863 Executing VM operation: G1TryInitiateConcMark done
Event: 20.969 Executing VM operation: G1CollectForAllocation
Event: 20.980 Executing VM operation: G1CollectForAllocation done
Event: 21.057 Executing VM operation: G1Concurrent
Event: 21.069 Executing VM operation: G1Concurrent done
Event: 21.126 Executing VM operation: G1CollectForAllocation
Event: 21.137 Executing VM operation: G1CollectForAllocation done
Event: 21.175 Executing VM operation: G1Concurrent
Event: 21.179 Executing VM operation: G1Concurrent done
Event: 21.330 Executing VM operation: G1CollectForAllocation
Event: 21.346 Executing VM operation: G1CollectForAllocation done
Event: 21.347 Executing VM operation: G1CollectForAllocation
Event: 21.356 Executing VM operation: G1CollectForAllocation done
Event: 21.440 Executing VM operation: G1CollectForAllocation

Events (20 events):
Event: 21.256 Thread 0x0000021400d6f070 Thread added: 0x0000021400d6f070
Event: 21.256 Thread 0x0000021400d750a0 Thread added: 0x0000021400d750a0
Event: 21.256 Thread 0x0000021400d72d30 Thread added: 0x0000021400d72d30
Event: 21.256 Thread 0x0000021400d70ed0 Thread added: 0x0000021400d70ed0
Event: 21.263 Thread 0x0000021400d72d30 Thread exited: 0x0000021400d72d30
Event: 21.263 Thread 0x000002147f13b540 Thread exited: 0x000002147f13b540
Event: 21.263 Thread 0x0000021400d750a0 Thread exited: 0x0000021400d750a0
Event: 21.263 Thread 0x0000021400d6f070 Thread exited: 0x0000021400d6f070
Event: 21.263 Thread 0x000002147f13ab20 Thread exited: 0x000002147f13ab20
Event: 21.263 Thread 0x000002147f13a610 Thread exited: 0x000002147f13a610
Event: 21.263 Thread 0x0000021400d70ed0 Thread exited: 0x0000021400d70ed0
Event: 21.263 Thread 0x000002147f13ba50 Thread exited: 0x000002147f13ba50
Event: 21.299 Thread 0x000002147f13a610 Thread added: 0x000002147f13a610
Event: 21.299 Thread 0x000002147f13ab20 Thread added: 0x000002147f13ab20
Event: 21.300 Thread 0x000002147f13b540 Thread added: 0x000002147f13b540
Event: 21.300 Thread 0x000002147f13ba50 Thread added: 0x000002147f13ba50
Event: 21.300 Thread 0x0000021400d3b0a0 Thread added: 0x0000021400d3b0a0
Event: 21.300 Thread 0x0000021400d35fa0 Thread added: 0x0000021400d35fa0
Event: 21.300 Thread 0x0000021400d36ed0 Thread added: 0x0000021400d36ed0
Event: 21.301 Thread 0x0000021400d3b5b0 Thread added: 0x0000021400d3b5b0


Dynamic libraries:
0x00007ff6242b0000 - 0x00007ff6242c0000 	C:\Program Files\Java\jdk-17\bin\java.exe
0x00007fff26050000 - 0x00007fff26248000 	C:\WINDOWS\SYSTEM32\ntdll.dll
0x00007fff250d0000 - 0x00007fff2518d000 	C:\WINDOWS\System32\KERNEL32.DLL
0x00007fff23b20000 - 0x00007fff23e16000 	C:\WINDOWS\System32\KERNELBASE.dll
0x00007fff23a20000 - 0x00007fff23b20000 	C:\WINDOWS\System32\ucrtbase.dll
0x00007fff1e8e0000 - 0x00007fff1e8fb000 	C:\Program Files\Java\jdk-17\bin\VCRUNTIME140.dll
0x00007fff1b150000 - 0x00007fff1b169000 	C:\Program Files\Java\jdk-17\bin\jli.dll
0x00007fff24bd0000 - 0x00007fff24c80000 	C:\WINDOWS\System32\ADVAPI32.dll
0x00007fff249a0000 - 0x00007fff24a3e000 	C:\WINDOWS\System32\msvcrt.dll
0x00007fff24f10000 - 0x00007fff24fb0000 	C:\WINDOWS\System32\sechost.dll
0x00007fff24aa0000 - 0x00007fff24bc3000 	C:\WINDOWS\System32\RPCRT4.dll
0x00007fff23ee0000 - 0x00007fff23f07000 	C:\WINDOWS\System32\bcrypt.dll
0x00007fff259f0000 - 0x00007fff25b8f000 	C:\WINDOWS\System32\USER32.dll
0x00007fff23eb0000 - 0x00007fff23ed2000 	C:\WINDOWS\System32\win32u.dll
0x00007fff250a0000 - 0x00007fff250cb000 	C:\WINDOWS\System32\GDI32.dll
0x00007fff23700000 - 0x00007fff23817000 	C:\WINDOWS\System32\gdi32full.dll
0x00007fff23980000 - 0x00007fff23a1d000 	C:\WINDOWS\System32\msvcp_win.dll
0x00007fff13610000 - 0x00007fff138aa000 	C:\WINDOWS\WinSxS\amd64_microsoft.windows.common-controls_6595b64144ccf1df_6.0.19041.4355_none_60b8b9eb71f62e16\COMCTL32.dll
0x00007fff12e70000 - 0x00007fff12e7a000 	C:\WINDOWS\SYSTEM32\VERSION.dll
0x00007fff24d50000 - 0x00007fff24d82000 	C:\WINDOWS\System32\IMM32.DLL
0x00007fff1b140000 - 0x00007fff1b14c000 	C:\Program Files\Java\jdk-17\bin\vcruntime140_1.dll
0x00007fff0fef0000 - 0x00007fff0ff7e000 	C:\Program Files\Java\jdk-17\bin\msvcp140.dll
0x00007ffeb2d10000 - 0x00007ffeb38ef000 	C:\Program Files\Java\jdk-17\bin\server\jvm.dll
0x00007fff24f00000 - 0x00007fff24f08000 	C:\WINDOWS\System32\PSAPI.DLL
0x00007fff0e310000 - 0x00007fff0e319000 	C:\WINDOWS\SYSTEM32\WSOCK32.dll
0x00007fff257d0000 - 0x00007fff2583b000 	C:\WINDOWS\System32\WS2_32.dll
0x00007fff0d820000 - 0x00007fff0d847000 	C:\WINDOWS\SYSTEM32\WINMM.dll
0x00007fff21f10000 - 0x00007fff21f22000 	C:\WINDOWS\SYSTEM32\kernel.appcore.dll
0x00007fff1b010000 - 0x00007fff1b01a000 	C:\Program Files\Java\jdk-17\bin\jimage.dll
0x00007fff21c20000 - 0x00007fff21e04000 	C:\WINDOWS\SYSTEM32\DBGHELP.DLL
0x00007fff08e90000 - 0x00007fff08ec4000 	C:\WINDOWS\SYSTEM32\dbgcore.DLL
0x00007fff23e20000 - 0x00007fff23ea2000 	C:\WINDOWS\System32\bcryptPrimitives.dll
0x00007fff13d60000 - 0x00007fff13d6e000 	C:\Program Files\Java\jdk-17\bin\instrument.dll
0x00007fff1afe0000 - 0x00007fff1b005000 	C:\Program Files\Java\jdk-17\bin\java.dll
0x00007ffed57c0000 - 0x00007ffed5897000 	C:\Program Files\Java\jdk-17\bin\jsvml.dll
0x00007fff241b0000 - 0x00007fff2491b000 	C:\WINDOWS\System32\SHELL32.dll
0x00007fff213b0000 - 0x00007fff21b4d000 	C:\WINDOWS\SYSTEM32\windows.storage.dll
0x00007fff25190000 - 0x00007fff254e3000 	C:\WINDOWS\System32\combase.dll
0x00007fff23120000 - 0x00007fff2314e000 	C:\WINDOWS\SYSTEM32\Wldp.dll
0x00007fff24c80000 - 0x00007fff24d4d000 	C:\WINDOWS\System32\OLEAUT32.dll
0x00007fff25940000 - 0x00007fff259ed000 	C:\WINDOWS\System32\SHCORE.dll
0x00007fff24ea0000 - 0x00007fff24ef5000 	C:\WINDOWS\System32\shlwapi.dll
0x00007fff23630000 - 0x00007fff23654000 	C:\WINDOWS\SYSTEM32\profapi.dll
0x00007fff17e80000 - 0x00007fff17e98000 	C:\Program Files\Java\jdk-17\bin\zip.dll
0x00007fff1afc0000 - 0x00007fff1afd9000 	C:\Program Files\Java\jdk-17\bin\net.dll
0x00007fff14110000 - 0x00007fff1421a000 	C:\WINDOWS\SYSTEM32\WINHTTP.dll
0x00007fff22e80000 - 0x00007fff22eea000 	C:\WINDOWS\system32\mswsock.dll
0x00007fff1a220000 - 0x00007fff1a236000 	C:\Program Files\Java\jdk-17\bin\nio.dll
0x00007fff0ff80000 - 0x00007fff0ff9a000 	C:\Program Files\JetBrains\IntelliJ IDEA 2023.3.6\bin\breakgen64.dll
0x00007fff22b60000 - 0x00007fff22c2b000 	C:\WINDOWS\SYSTEM32\DNSAPI.dll
0x00007fff22b10000 - 0x00007fff22b4b000 	C:\WINDOWS\SYSTEM32\IPHLPAPI.DLL
0x00007fff26000000 - 0x00007fff26008000 	C:\WINDOWS\System32\NSI.dll
0x00007fff10630000 - 0x00007fff1063a000 	C:\Windows\System32\rasadhlp.dll
0x00007fff10ff0000 - 0x00007fff11070000 	C:\WINDOWS\System32\fwpuclnt.dll
0x00007fff0feb0000 - 0x00007fff0feba000 	C:\Program Files\Java\jdk-17\bin\management.dll
0x00007fff0fea0000 - 0x00007fff0feab000 	C:\Program Files\Java\jdk-17\bin\management_ext.dll
0x00007fff23070000 - 0x00007fff23088000 	C:\WINDOWS\SYSTEM32\CRYPTSP.dll
0x00007fff22730000 - 0x00007fff22764000 	C:\WINDOWS\system32\rsaenh.dll
0x00007fff235e0000 - 0x00007fff2360e000 	C:\WINDOWS\SYSTEM32\USERENV.dll
0x00007fff23090000 - 0x00007fff2309c000 	C:\WINDOWS\SYSTEM32\CRYPTBASE.dll
0x00007fff14600000 - 0x00007fff14617000 	C:\WINDOWS\SYSTEM32\dhcpcsvc6.DLL
0x00007fff17380000 - 0x00007fff1739d000 	C:\WINDOWS\SYSTEM32\dhcpcsvc.DLL
0x00007fff1b310000 - 0x00007fff1b327000 	C:\WINDOWS\system32\napinsp.dll
0x00007fff1b2f0000 - 0x00007fff1b30b000 	C:\WINDOWS\system32\pnrpnsp.dll
0x00007fff1d5c0000 - 0x00007fff1d5d5000 	C:\WINDOWS\system32\wshbth.dll
0x00007fff1e9b0000 - 0x00007fff1e9cd000 	C:\WINDOWS\system32\NLAapi.dll
0x00007fff1b1d0000 - 0x00007fff1b1e2000 	C:\WINDOWS\System32\winrnr.dll
0x00007fff1bce0000 - 0x00007fff1bcee000 	C:\Program Files\Java\jdk-17\bin\sunmscapi.dll
0x00007fff23820000 - 0x00007fff2397e000 	C:\WINDOWS\System32\CRYPT32.dll
0x00007fff23190000 - 0x00007fff231b9000 	C:\WINDOWS\SYSTEM32\ncrypt.dll
0x00007fff23150000 - 0x00007fff2318b000 	C:\WINDOWS\SYSTEM32\NTASN1.dll
0x00007fff0b8a0000 - 0x00007fff0b8b0000 	C:\Program Files\Java\jdk-17\bin\verify.dll

dbghelp: loaded successfully - version: 4.0.5 - missing functions: none
symbol engine: initialized successfully - sym options: 0x614 - pdb path: .;C:\Program Files\Java\jdk-17\bin;C:\WINDOWS\SYSTEM32;C:\WINDOWS\WinSxS\amd64_microsoft.windows.common-controls_6595b64144ccf1df_6.0.19041.4355_none_60b8b9eb71f62e16;C:\Program Files\Java\jdk-17\bin\server;C:\Program Files\JetBrains\IntelliJ IDEA 2023.3.6\bin

VM Arguments:
jvm_args: -XX:TieredStopAtLevel=1 -Dspring.output.ansi.enabled=always -Dcom.sun.management.jmxremote -Dspring.jmx.enabled=true -Dspring.liveBeansView.mbeanDomain -Dspring.application.admin.enabled=true -Dmanagement.endpoints.jmx.exposure.include=* -javaagent:C:\Program Files\JetBrains\IntelliJ IDEA 2023.3.6\lib\idea_rt.jar=54748:C:\Program Files\JetBrains\IntelliJ IDEA 2023.3.6\bin -Dfile.encoding=UTF-8 
java_command: com.example.msgestiondocente.MsGestionDocenteApplication
java_class_path (initial): D:\u1\ADAN-1RA-U\ms-gestion-docente\target\classes;C:\Users\USER\.m2\repository\org\springframework\boot\spring-boot-starter-data-jpa\3.1.3\spring-boot-starter-data-jpa-3.1.3.jar;C:\Users\USER\.m2\repository\org\springframework\boot\spring-boot-starter-aop\3.1.3\spring-boot-starter-aop-3.1.3.jar;C:\Users\USER\.m2\repository\org\springframework\spring-aop\6.0.11\spring-aop-6.0.11.jar;C:\Users\USER\.m2\repository\org\aspectj\aspectjweaver\1.9.20\aspectjweaver-1.9.20.jar;C:\Users\USER\.m2\repository\org\springframework\boot\spring-boot-starter-jdbc\3.1.3\spring-boot-starter-jdbc-3.1.3.jar;C:\Users\USER\.m2\repository\com\zaxxer\HikariCP\5.0.1\HikariCP-5.0.1.jar;C:\Users\USER\.m2\repository\org\springframework\spring-jdbc\6.0.11\spring-jdbc-6.0.11.jar;C:\Users\USER\.m2\repository\org\hibernate\orm\hibernate-core\6.2.7.Final\hibernate-core-6.2.7.Final.jar;C:\Users\USER\.m2\repository\jakarta\persistence\jakarta.persistence-api\3.1.0\jakarta.persistence-api-3.1.0.jar;C:\Users\USER\.m2\repository\jakarta\transaction\jakarta.transaction-api\2.0.1\jakarta.transaction-api-2.0.1.jar;C:\Users\USER\.m2\repository\org\jboss\logging\jboss-logging\3.5.3.Final\jboss-logging-3.5.3.Final.jar;C:\Users\USER\.m2\repository\org\hibernate\common\hibernate-commons-annotations\6.0.6.Final\hibernate-commons-annotations-6.0.6.Final.jar;C:\Users\USER\.m2\repository\io\smallrye\jandex\3.0.5\jandex-3.0.5.jar;C:\Users\USER\.m2\repository\com\fasterxml\classmate\1.5.1\classmate-1.5.1.jar;C:\Users\USER\.m2\repository\net\bytebuddy\byte-buddy\1.14.6\byte-buddy-1.14.6.jar;C:\Users\USER\.m2\repository\org\glassfish\jaxb\jaxb-runtime\4.0.3\jaxb-runtime-4.0.3.jar;C:\Users\USER\.m2\repository\org\glassfish\jaxb\jaxb-core\4.0.3\jaxb-core-4.0.3.jar;C:\Users\USER\.m2\repository\org\eclipse\angus\angus-activation\2.0.1\angus-activation-2.0.1.jar;C:\Users\USER\.m2\repository\org\glassfish\jaxb\txw2\4.0.3\txw2-4.0.3.jar;C:\Users\USER\.m2\repository\com\sun\istack\istack-commons-runt
Launcher Type: SUN_STANDARD

[Global flags]
     intx CICompilerCount                          = 3                                         {product} {ergonomic}
     uint ConcGCThreads                            = 1                                         {product} {ergonomic}
     uint G1ConcRefinementThreads                  = 4                                         {product} {ergonomic}
   size_t G1HeapRegionSize                         = 1048576                                   {product} {ergonomic}
    uintx GCDrainStackTargetSize                   = 64                                        {product} {ergonomic}
   size_t InitialHeapSize                          = 130023424                                 {product} {ergonomic}
     bool ManagementServer                         = true                                      {product} {command line}
   size_t MarkStackSize                            = 4194304                                   {product} {ergonomic}
   size_t MaxHeapSize                              = 2048917504                                {product} {ergonomic}
   size_t MaxNewSize                               = 1228931072                                {product} {ergonomic}
   size_t MinHeapDeltaBytes                        = 1048576                                   {product} {ergonomic}
   size_t MinHeapSize                              = 8388608                                   {product} {ergonomic}
    uintx NonProfiledCodeHeapSize                  = 0                                      {pd product} {ergonomic}
     bool ProfileInterpreter                       = false                                  {pd product} {command line}
    uintx ProfiledCodeHeapSize                     = 0                                      {pd product} {ergonomic}
   size_t SoftMaxHeapSize                          = 2048917504                             {manageable} {ergonomic}
     intx TieredStopAtLevel                        = 1                                         {product} {command line}
     bool UseCompressedClassPointers               = true                           {product lp64_product} {ergonomic}
     bool UseCompressedOops                        = true                           {product lp64_product} {ergonomic}
     bool UseG1GC                                  = true                                      {product} {ergonomic}
     bool UseLargePagesIndividualAllocation        = false                                  {pd product} {ergonomic}

Logging:
Log output configuration:
 #0: stdout all=warning uptime,level,tags
 #1: stderr all=off uptime,level,tags

Environment Variables:
PATH=C:\Program Files\Common Files\Oracle\Java\javapath;C:\Program Files (x86)\Common Files\Oracle\Java\javapath;C:\WINDOWS\system32;C:\WINDOWS;C:\WINDOWS\System32\Wbem;C:\WINDOWS\System32\WindowsPowerShell\v1.0\;C:\WINDOWS\System32\OpenSSH\;C:\Program Files\Intel\WiFi\bin\;C:\Program Files\Common Files\Intel\WirelessCommon\;C:\Program Files\dotnet\;C:\Program Files\Git\cmd;C:\laragon\bin\php\php-8.1.10-Win32-vs16-x64;C:\composer;C:\Program Files\nodejs\;C:\Users\USER\AppData\Local\Microsoft\WindowsApps;C:\Users\USER\AppData\Local\Programs\Microsoft VS Code\bin;C:\Users\USER\AppData\Roaming\Composer\vendor\bin;C:\Users\USER\AppData\Local\GitHubDesktop\bin;C:\Users\USER\AppData\Roaming\npm
USERNAME=USER
OS=Windows_NT
PROCESSOR_IDENTIFIER=Intel64 Family 6 Model 61 Stepping 4, GenuineIntel



---------------  S Y S T E M  ---------------

OS:
 Windows 10 , 64 bit Build 19041 (10.0.19041.3636)
OS uptime: 1 days 0:56 hours

CPU: total 4 (initial active 4) (2 cores per cpu, 2 threads per core) family 6 model 61 stepping 4 microcode 0x2d, cx8, cmov, fxsr, ht, mmx, 3dnowpref, sse, sse2, sse3, ssse3, sse4.1, sse4.2, popcnt, lzcnt, tsc, tscinvbit, avx, avx2, aes, erms, clmul, bmi1, bmi2, adx, fma, vzeroupper, clflush

Memory: 4k page, system-wide physical 7815M (1040M free)
TotalPageFile size 12815M (AvailPageFile size 180M)
current process WorkingSet (physical memory assigned to process): 278M, peak: 278M
current process commit charge ("private bytes"): 322M, peak: 521M

vm_info: Java HotSpot(TM) 64-Bit Server VM (17.0.10+11-LTS-240) for windows-amd64 JRE (17.0.10+11-LTS-240), built on Dec 19 2023 21:47:25 by "mach5one" with MS VC++ 17.1 (VS2022)

END.
